2026-03-19 12:40:22.427 [main] TRACE org.repository.org.example.CharityCaseJdbcRepository - Enter
2026-03-19 12:40:22.436 [main] TRACE org.example.JdbcUtils - Enter
2026-03-19 12:40:22.436 [main] TRACE org.example.JdbcUtils - Enter
2026-03-19 12:40:22.455 [main] INFO  org.example.JdbcUtils - Connecting to database: jdbc:sqlite:teledon.db
2026-03-19 12:40:22.958 [main] TRACE org.sqlite.core.NativeDB - DriverManager [main] [SQLite EXEC] pragma busy_timeout=3000
2026-03-19 12:40:22.964 [main] TRACE org.example.JdbcUtils - Exit with(org.sqlite.jdbc4.JDBC4Connection@4b86805d)
2026-03-19 12:40:22.971 [main] TRACE org.sqlite.core.NativeDB - DriverManager [main] [SQLite EXEC] SELECT * FROM CharityCases
2026-03-19 12:40:22.987 [main] TRACE org.repository.org.example.CharityCaseJdbcRepository - Exit with([org.domain.org.example.CharityCase@1, org.domain.org.example.CharityCase@2, org.domain.org.example.CharityCase@3])
2026-03-25 20:00:28.710 [JavaFX Application Thread] TRACE org.repository.org.example.CharityCaseJdbcRepository - Enter
2026-03-25 20:00:28.713 [JavaFX Application Thread] TRACE org.repository.org.example.JdbcUtils - Enter
2026-03-25 20:00:28.969 [JavaFX Application Thread] TRACE org.sqlite.core.NativeDB - DriverManager [JavaFX Application Thread] [SQLite EXEC] pragma busy_timeout=3000
2026-03-25 20:00:28.974 [JavaFX Application Thread] INFO  org.repository.org.example.JdbcUtils - Connection opened to: jdbc:sqlite:teledon.db
2026-03-25 20:00:28.977 [JavaFX Application Thread] TRACE org.repository.org.example.JdbcUtils - Exit with(org.sqlite.jdbc4.JDBC4Connection@4e177acc)
2026-03-25 20:00:28.982 [JavaFX Application Thread] TRACE org.sqlite.core.NativeDB - DriverManager [JavaFX Application Thread] [SQLite EXEC] SELECT * FROM CharityCases
2026-03-25 20:00:28.992 [JavaFX Application Thread] TRACE org.repository.org.example.CharityCaseJdbcRepository - Exit with([org.domain.org.example.CharityCase@1, org.domain.org.example.CharityCase@2, org.domain.org.example.CharityCase@3])
2026-03-25 20:00:44.241 [JavaFX Application Thread] TRACE org.repository.org.example.DonorJdbcRepository - Enter Finding donor: gigi sefus
2026-03-25 20:00:44.241 [JavaFX Application Thread] TRACE org.repository.org.example.JdbcUtils - Enter
2026-03-25 20:00:44.242 [JavaFX Application Thread] TRACE org.sqlite.core.NativeDB - DriverManager [JavaFX Application Thread] [SQLite EXEC] pragma busy_timeout=3000
2026-03-25 20:00:44.242 [JavaFX Application Thread] INFO  org.repository.org.example.JdbcUtils - Connection opened to: jdbc:sqlite:teledon.db
2026-03-25 20:00:44.242 [JavaFX Application Thread] TRACE org.repository.org.example.JdbcUtils - Exit with(org.sqlite.jdbc4.JDBC4Connection@4ebfb9ca)
2026-03-25 20:00:44.242 [JavaFX Application Thread] TRACE org.sqlite.core.NativeDB - DriverManager [JavaFX Application Thread] [SQLite EXEC] SELECT * FROM Donors WHERE name=?
2026-03-25 20:00:44.243 [JavaFX Application Thread] TRACE org.sqlite.core.NativeDB - DriverManager [JavaFX Application Thread] [SQLite EXEC] begin;
2026-03-25 20:00:44.243 [JavaFX Application Thread] TRACE org.sqlite.core.NativeDB - DriverManager [JavaFX Application Thread] [SQLite EXEC] commit;
2026-03-25 20:00:44.244 [JavaFX Application Thread] TRACE org.repository.org.example.DonorJdbcRepository - Exit
2026-03-25 20:00:44.244 [JavaFX Application Thread] TRACE org.repository.org.example.DonorJdbcRepository - Enter Saving donor org.domain.org.example.Donor@0
2026-03-25 20:00:44.244 [JavaFX Application Thread] TRACE org.repository.org.example.JdbcUtils - Enter
2026-03-25 20:00:44.245 [JavaFX Application Thread] TRACE org.sqlite.core.NativeDB - DriverManager [JavaFX Application Thread] [SQLite EXEC] pragma busy_timeout=3000
2026-03-25 20:00:44.245 [JavaFX Application Thread] INFO  org.repository.org.example.JdbcUtils - Connection opened to: jdbc:sqlite:teledon.db
2026-03-25 20:00:44.245 [JavaFX Application Thread] TRACE org.repository.org.example.JdbcUtils - Exit with(org.sqlite.jdbc4.JDBC4Connection@7fa3f29d)
2026-03-25 20:00:44.245 [JavaFX Application Thread] TRACE org.sqlite.core.NativeDB - DriverManager [JavaFX Application Thread] [SQLite EXEC] INSERT INTO Donors (name, address, phoneNumber) VALUES (?,?,?)
2026-03-25 20:00:44.251 [JavaFX Application Thread] TRACE org.sqlite.core.NativeDB - DriverManager [JavaFX Application Thread] [SQLite EXEC] begin;
2026-03-25 20:00:44.252 [JavaFX Application Thread] TRACE org.sqlite.core.NativeDB - DriverManager [JavaFX Application Thread] [SQLite EXEC] commit;
2026-03-25 20:00:44.252 [JavaFX Application Thread] TRACE org.sqlite.core.NativeDB - DriverManager [JavaFX Application Thread] [SQLite EXEC] SELECT last_insert_rowid();
2026-03-25 20:00:44.253 [JavaFX Application Thread] TRACE org.repository.org.example.DonorJdbcRepository - Exit
2026-03-25 20:00:44.253 [JavaFX Application Thread] TRACE org.repository.org.example.DonorJdbcRepository - Enter Finding donor: gigi sefus
2026-03-25 20:00:44.253 [JavaFX Application Thread] TRACE org.repository.org.example.JdbcUtils - Enter
2026-03-25 20:00:44.254 [JavaFX Application Thread] TRACE org.sqlite.core.NativeDB - DriverManager [JavaFX Application Thread] [SQLite EXEC] pragma busy_timeout=3000
2026-03-25 20:00:44.254 [JavaFX Application Thread] INFO  org.repository.org.example.JdbcUtils - Connection opened to: jdbc:sqlite:teledon.db
2026-03-25 20:00:44.254 [JavaFX Application Thread] TRACE org.repository.org.example.JdbcUtils - Exit with(org.sqlite.jdbc4.JDBC4Connection@3cdff01c)
2026-03-25 20:00:44.254 [JavaFX Application Thread] TRACE org.sqlite.core.NativeDB - DriverManager [JavaFX Application Thread] [SQLite EXEC] SELECT * FROM Donors WHERE name=?
2026-03-25 20:00:44.254 [JavaFX Application Thread] TRACE org.repository.org.example.DonorJdbcRepository - Exit with(org.domain.org.example.Donor@3)
2026-03-25 20:00:44.255 [JavaFX Application Thread] TRACE org.repository.org.example.DonationJdbcRepository - Enter Saving donation org.domain.org.example.Donation@0
2026-03-25 20:00:44.255 [JavaFX Application Thread] TRACE org.repository.org.example.JdbcUtils - Enter
2026-03-25 20:00:44.256 [JavaFX Application Thread] TRACE org.sqlite.core.NativeDB - DriverManager [JavaFX Application Thread] [SQLite EXEC] pragma busy_timeout=3000
2026-03-25 20:00:44.256 [JavaFX Application Thread] INFO  org.repository.org.example.JdbcUtils - Connection opened to: jdbc:sqlite:teledon.db
2026-03-25 20:00:44.256 [JavaFX Application Thread] TRACE org.repository.org.example.JdbcUtils - Exit with(org.sqlite.jdbc4.JDBC4Connection@25e9e4ee)
2026-03-25 20:00:44.256 [JavaFX Application Thread] TRACE org.sqlite.core.NativeDB - DriverManager [JavaFX Application Thread] [SQLite EXEC] INSERT INTO Donations (donorId, caseId, amount) VALUES (?,?,?)
2026-03-25 20:00:44.261 [JavaFX Application Thread] TRACE org.sqlite.core.NativeDB - DriverManager [JavaFX Application Thread] [SQLite EXEC] begin;
2026-03-25 20:00:44.261 [JavaFX Application Thread] TRACE org.sqlite.core.NativeDB - DriverManager [JavaFX Application Thread] [SQLite EXEC] commit;
2026-03-25 20:00:44.261 [JavaFX Application Thread] TRACE org.sqlite.core.NativeDB - DriverManager [JavaFX Application Thread] [SQLite EXEC] SELECT last_insert_rowid();
2026-03-25 20:00:44.261 [JavaFX Application Thread] TRACE org.repository.org.example.DonationJdbcRepository - Exit
2026-03-25 20:00:44.262 [JavaFX Application Thread] TRACE org.repository.org.example.CharityCaseJdbcRepository - Enter Updating amount for case 1
2026-03-25 20:00:44.262 [JavaFX Application Thread] TRACE org.repository.org.example.JdbcUtils - Enter
2026-03-25 20:00:44.263 [JavaFX Application Thread] TRACE org.sqlite.core.NativeDB - DriverManager [JavaFX Application Thread] [SQLite EXEC] pragma busy_timeout=3000
2026-03-25 20:00:44.263 [JavaFX Application Thread] INFO  org.repository.org.example.JdbcUtils - Connection opened to: jdbc:sqlite:teledon.db
2026-03-25 20:00:44.263 [JavaFX Application Thread] TRACE org.repository.org.example.JdbcUtils - Exit with(org.sqlite.jdbc4.JDBC4Connection@32ee8a3d)
2026-03-25 20:00:44.263 [JavaFX Application Thread] TRACE org.sqlite.core.NativeDB - DriverManager [JavaFX Application Thread] [SQLite EXEC] UPDATE CharityCases SET totalAmount = totalAmount + ? WHERE id = ?
2026-03-25 20:00:44.269 [JavaFX Application Thread] TRACE org.sqlite.core.NativeDB - DriverManager [JavaFX Application Thread] [SQLite EXEC] begin;
2026-03-25 20:00:44.269 [JavaFX Application Thread] TRACE org.sqlite.core.NativeDB - DriverManager [JavaFX Application Thread] [SQLite EXEC] commit;
2026-03-25 20:00:44.269 [JavaFX Application Thread] TRACE org.repository.org.example.CharityCaseJdbcRepository - Exit
2026-03-25 20:04:15.951 [JavaFX Application Thread] TRACE org.repository.org.example.CharityCaseJdbcRepository - Enter
2026-03-25 20:04:15.953 [JavaFX Application Thread] TRACE org.repository.org.example.JdbcUtils - Enter
2026-03-25 20:04:16.166 [JavaFX Application Thread] TRACE org.sqlite.core.NativeDB - DriverManager [JavaFX Application Thread] [SQLite EXEC] pragma busy_timeout=3000
2026-03-25 20:04:16.170 [JavaFX Application Thread] INFO  org.repository.org.example.JdbcUtils - Connection opened to: jdbc:sqlite:teledon.db
2026-03-25 20:04:16.171 [JavaFX Application Thread] TRACE org.repository.org.example.JdbcUtils - Exit with(org.sqlite.jdbc4.JDBC4Connection@4e177acc)
2026-03-25 20:04:16.174 [JavaFX Application Thread] TRACE org.sqlite.core.NativeDB - DriverManager [JavaFX Application Thread] [SQLite EXEC] SELECT * FROM CharityCases
2026-03-25 20:04:16.185 [JavaFX Application Thread] TRACE org.repository.org.example.CharityCaseJdbcRepository - Exit with([org.domain.org.example.CharityCase@1, org.domain.org.example.CharityCase@2, org.domain.org.example.CharityCase@3])
2026-03-25 20:04:32.143 [JavaFX Application Thread] TRACE org.repository.org.example.DonorJdbcRepository - Enter Finding donor: a
2026-03-25 20:04:32.144 [JavaFX Application Thread] TRACE org.repository.org.example.JdbcUtils - Enter
2026-03-25 20:04:32.144 [JavaFX Application Thread] TRACE org.sqlite.core.NativeDB - DriverManager [JavaFX Application Thread] [SQLite EXEC] pragma busy_timeout=3000
2026-03-25 20:04:32.145 [JavaFX Application Thread] INFO  org.repository.org.example.JdbcUtils - Connection opened to: jdbc:sqlite:teledon.db
2026-03-25 20:04:32.145 [JavaFX Application Thread] TRACE org.repository.org.example.JdbcUtils - Exit with(org.sqlite.jdbc4.JDBC4Connection@7770d0c5)
2026-03-25 20:04:32.145 [JavaFX Application Thread] TRACE org.sqlite.core.NativeDB - DriverManager [JavaFX Application Thread] [SQLite EXEC] SELECT * FROM Donors WHERE name=?
2026-03-25 20:04:32.146 [JavaFX Application Thread] TRACE org.sqlite.core.NativeDB - DriverManager [JavaFX Application Thread] [SQLite EXEC] begin;
2026-03-25 20:04:32.146 [JavaFX Application Thread] TRACE org.sqlite.core.NativeDB - DriverManager [JavaFX Application Thread] [SQLite EXEC] commit;
2026-03-25 20:04:32.147 [JavaFX Application Thread] TRACE org.repository.org.example.DonorJdbcRepository - Exit
2026-03-25 20:04:32.147 [JavaFX Application Thread] TRACE org.repository.org.example.DonorJdbcRepository - Enter Saving donor org.domain.org.example.Donor@0
2026-03-25 20:04:32.147 [JavaFX Application Thread] TRACE org.repository.org.example.JdbcUtils - Enter
2026-03-25 20:04:32.148 [JavaFX Application Thread] TRACE org.sqlite.core.NativeDB - DriverManager [JavaFX Application Thread] [SQLite EXEC] pragma busy_timeout=3000
2026-03-25 20:04:32.148 [JavaFX Application Thread] INFO  org.repository.org.example.JdbcUtils - Connection opened to: jdbc:sqlite:teledon.db
2026-03-25 20:04:32.148 [JavaFX Application Thread] TRACE org.repository.org.example.JdbcUtils - Exit with(org.sqlite.jdbc4.JDBC4Connection@5871e096)
2026-03-25 20:04:32.148 [JavaFX Application Thread] TRACE org.sqlite.core.NativeDB - DriverManager [JavaFX Application Thread] [SQLite EXEC] INSERT INTO Donors (name, address, phoneNumber) VALUES (?,?,?)
2026-03-25 20:04:32.154 [JavaFX Application Thread] TRACE org.sqlite.core.NativeDB - DriverManager [JavaFX Application Thread] [SQLite EXEC] begin;
2026-03-25 20:04:32.154 [JavaFX Application Thread] TRACE org.sqlite.core.NativeDB - DriverManager [JavaFX Application Thread] [SQLite EXEC] commit;
2026-03-25 20:04:32.155 [JavaFX Application Thread] TRACE org.sqlite.core.NativeDB - DriverManager [JavaFX Application Thread] [SQLite EXEC] SELECT last_insert_rowid();
2026-03-25 20:04:32.155 [JavaFX Application Thread] TRACE org.repository.org.example.DonorJdbcRepository - Exit
2026-03-25 20:04:32.155 [JavaFX Application Thread] TRACE org.repository.org.example.DonorJdbcRepository - Enter Finding donor: a
2026-03-25 20:04:32.155 [JavaFX Application Thread] TRACE org.repository.org.example.JdbcUtils - Enter
2026-03-25 20:04:32.156 [JavaFX Application Thread] TRACE org.sqlite.core.NativeDB - DriverManager [JavaFX Application Thread] [SQLite EXEC] pragma busy_timeout=3000
2026-03-25 20:04:32.157 [JavaFX Application Thread] INFO  org.repository.org.example.JdbcUtils - Connection opened to: jdbc:sqlite:teledon.db
2026-03-25 20:04:32.157 [JavaFX Application Thread] TRACE org.repository.org.example.JdbcUtils - Exit with(org.sqlite.jdbc4.JDBC4Connection@25e9e4ee)
2026-03-25 20:04:32.157 [JavaFX Application Thread] TRACE org.sqlite.core.NativeDB - DriverManager [JavaFX Application Thread] [SQLite EXEC] SELECT * FROM Donors WHERE name=?
2026-03-25 20:04:32.157 [JavaFX Application Thread] TRACE org.repository.org.example.DonorJdbcRepository - Exit with(org.domain.org.example.Donor@4)
2026-03-25 20:04:32.158 [JavaFX Application Thread] TRACE org.repository.org.example.DonationJdbcRepository - Enter Saving donation org.domain.org.example.Donation@0
2026-03-25 20:04:32.158 [JavaFX Application Thread] TRACE org.repository.org.example.JdbcUtils - Enter
2026-03-25 20:04:32.158 [JavaFX Application Thread] TRACE org.sqlite.core.NativeDB - DriverManager [JavaFX Application Thread] [SQLite EXEC] pragma busy_timeout=3000
2026-03-25 20:04:32.159 [JavaFX Application Thread] INFO  org.repository.org.example.JdbcUtils - Connection opened to: jdbc:sqlite:teledon.db
2026-03-25 20:04:32.159 [JavaFX Application Thread] TRACE org.repository.org.example.JdbcUtils - Exit with(org.sqlite.jdbc4.JDBC4Connection@7172c36c)
2026-03-25 20:04:32.159 [JavaFX Application Thread] TRACE org.sqlite.core.NativeDB - DriverManager [JavaFX Application Thread] [SQLite EXEC] INSERT INTO Donations (donorId, caseId, amount) VALUES (?,?,?)
2026-03-25 20:04:32.164 [JavaFX Application Thread] TRACE org.sqlite.core.NativeDB - DriverManager [JavaFX Application Thread] [SQLite EXEC] begin;
2026-03-25 20:04:32.164 [JavaFX Application Thread] TRACE org.sqlite.core.NativeDB - DriverManager [JavaFX Application Thread] [SQLite EXEC] commit;
2026-03-25 20:04:32.164 [JavaFX Application Thread] TRACE org.sqlite.core.NativeDB - DriverManager [JavaFX Application Thread] [SQLite EXEC] SELECT last_insert_rowid();
2026-03-25 20:04:32.164 [JavaFX Application Thread] TRACE org.repository.org.example.DonationJdbcRepository - Exit
2026-03-25 20:04:32.165 [JavaFX Application Thread] TRACE org.repository.org.example.CharityCaseJdbcRepository - Enter Updating amount for case 2
2026-03-25 20:04:32.165 [JavaFX Application Thread] TRACE org.repository.org.example.JdbcUtils - Enter
2026-03-25 20:04:32.166 [JavaFX Application Thread] TRACE org.sqlite.core.NativeDB - DriverManager [JavaFX Application Thread] [SQLite EXEC] pragma busy_timeout=3000
2026-03-25 20:04:32.166 [JavaFX Application Thread] INFO  org.repository.org.example.JdbcUtils - Connection opened to: jdbc:sqlite:teledon.db
2026-03-25 20:04:32.166 [JavaFX Application Thread] TRACE org.repository.org.example.JdbcUtils - Exit with(org.sqlite.jdbc4.JDBC4Connection@749868d9)
2026-03-25 20:04:32.166 [JavaFX Application Thread] TRACE org.sqlite.core.NativeDB - DriverManager [JavaFX Application Thread] [SQLite EXEC] UPDATE CharityCases SET totalAmount = totalAmount + ? WHERE id = ?
2026-03-25 20:04:32.174 [JavaFX Application Thread] TRACE org.sqlite.core.NativeDB - DriverManager [JavaFX Application Thread] [SQLite EXEC] begin;
2026-03-25 20:04:32.174 [JavaFX Application Thread] TRACE org.sqlite.core.NativeDB - DriverManager [JavaFX Application Thread] [SQLite EXEC] commit;
2026-03-25 20:04:32.175 [JavaFX Application Thread] TRACE org.repository.org.example.CharityCaseJdbcRepository - Exit
2026-03-25 20:14:18.011 [JavaFX Application Thread] TRACE org.repository.org.example.CharityCaseJdbcRepository - Enter
2026-03-25 20:14:18.015 [JavaFX Application Thread] TRACE org.repository.org.example.JdbcUtils - Enter
2026-03-25 20:14:18.254 [JavaFX Application Thread] TRACE org.sqlite.core.NativeDB - DriverManager [JavaFX Application Thread] [SQLite EXEC] pragma busy_timeout=3000
2026-03-25 20:14:18.259 [JavaFX Application Thread] INFO  org.repository.org.example.JdbcUtils - Connection opened to: jdbc:sqlite:teledon.db
2026-03-25 20:14:18.260 [JavaFX Application Thread] TRACE org.repository.org.example.JdbcUtils - Exit with(org.sqlite.jdbc4.JDBC4Connection@12cee2f)
2026-03-25 20:14:18.263 [JavaFX Application Thread] TRACE org.sqlite.core.NativeDB - DriverManager [JavaFX Application Thread] [SQLite EXEC] SELECT * FROM CharityCases
2026-03-25 20:14:18.272 [JavaFX Application Thread] TRACE org.repository.org.example.CharityCaseJdbcRepository - Exit with([org.domain.org.example.CharityCase@1, org.domain.org.example.CharityCase@2, org.domain.org.example.CharityCase@3])
2026-03-25 20:14:34.048 [JavaFX Application Thread] TRACE org.repository.org.example.DonorJdbcRepository - Enter Finding donors like
2026-03-25 20:14:34.048 [JavaFX Application Thread] TRACE org.repository.org.example.JdbcUtils - Enter
2026-03-25 20:14:34.049 [JavaFX Application Thread] TRACE org.sqlite.core.NativeDB - DriverManager [JavaFX Application Thread] [SQLite EXEC] pragma busy_timeout=3000
2026-03-25 20:14:34.050 [JavaFX Application Thread] INFO  org.repository.org.example.JdbcUtils - Connection opened to: jdbc:sqlite:teledon.db
2026-03-25 20:14:34.050 [JavaFX Application Thread] TRACE org.repository.org.example.JdbcUtils - Exit with(org.sqlite.jdbc4.JDBC4Connection@6e46780d)
2026-03-25 20:14:34.050 [JavaFX Application Thread] TRACE org.sqlite.core.NativeDB - DriverManager [JavaFX Application Thread] [SQLite EXEC] SELECT * FROM Donors WHERE name LIKE ?
2026-03-25 20:14:34.053 [JavaFX Application Thread] TRACE org.repository.org.example.DonorJdbcRepository - Exit with([org.domain.org.example.Donor@1, org.domain.org.example.Donor@2, org.domain.org.example.Donor@3, org.domain.org.example.Donor@4])
2026-03-25 20:14:37.604 [JavaFX Application Thread] TRACE org.repository.org.example.DonorJdbcRepository - Enter Finding donors like a
2026-03-25 20:14:37.604 [JavaFX Application Thread] TRACE org.repository.org.example.JdbcUtils - Enter
2026-03-25 20:14:37.604 [JavaFX Application Thread] TRACE org.sqlite.core.NativeDB - DriverManager [JavaFX Application Thread] [SQLite EXEC] pragma busy_timeout=3000
2026-03-25 20:14:37.605 [JavaFX Application Thread] INFO  org.repository.org.example.JdbcUtils - Connection opened to: jdbc:sqlite:teledon.db
2026-03-25 20:14:37.605 [JavaFX Application Thread] TRACE org.repository.org.example.JdbcUtils - Exit with(org.sqlite.jdbc4.JDBC4Connection@70119d29)
2026-03-25 20:14:37.605 [JavaFX Application Thread] TRACE org.sqlite.core.NativeDB - DriverManager [JavaFX Application Thread] [SQLite EXEC] SELECT * FROM Donors WHERE name LIKE ?
2026-03-25 20:14:37.605 [JavaFX Application Thread] TRACE org.repository.org.example.DonorJdbcRepository - Exit with([org.domain.org.example.Donor@1, org.domain.org.example.Donor@2, org.domain.org.example.Donor@4])
2026-03-25 20:14:44.534 [JavaFX Application Thread] TRACE org.repository.org.example.DonorJdbcRepository - Enter Finding donors like
2026-03-25 20:14:44.534 [JavaFX Application Thread] TRACE org.repository.org.example.JdbcUtils - Enter
2026-03-25 20:14:44.535 [JavaFX Application Thread] TRACE org.sqlite.core.NativeDB - DriverManager [JavaFX Application Thread] [SQLite EXEC] pragma busy_timeout=3000
2026-03-25 20:14:44.535 [JavaFX Application Thread] INFO  org.repository.org.example.JdbcUtils - Connection opened to: jdbc:sqlite:teledon.db
2026-03-25 20:14:44.535 [JavaFX Application Thread] TRACE org.repository.org.example.JdbcUtils - Exit with(org.sqlite.jdbc4.JDBC4Connection@13da785e)
2026-03-25 20:14:44.535 [JavaFX Application Thread] TRACE org.sqlite.core.NativeDB - DriverManager [JavaFX Application Thread] [SQLite EXEC] SELECT * FROM Donors WHERE name LIKE ?
2026-03-25 20:14:44.536 [JavaFX Application Thread] TRACE org.repository.org.example.DonorJdbcRepository - Exit with([org.domain.org.example.Donor@1, org.domain.org.example.Donor@2, org.domain.org.example.Donor@3, org.domain.org.example.Donor@4])
2026-03-25 20:15:09.045 [JavaFX Application Thread] TRACE org.repository.org.example.DonorJdbcRepository - Enter Finding donor: Maria Enache
2026-03-25 20:15:09.045 [JavaFX Application Thread] TRACE org.repository.org.example.JdbcUtils - Enter
2026-03-25 20:15:09.046 [JavaFX Application Thread] TRACE org.sqlite.core.NativeDB - DriverManager [JavaFX Application Thread] [SQLite EXEC] pragma busy_timeout=3000
2026-03-25 20:15:09.046 [JavaFX Application Thread] INFO  org.repository.org.example.JdbcUtils - Connection opened to: jdbc:sqlite:teledon.db
2026-03-25 20:15:09.046 [JavaFX Application Thread] TRACE org.repository.org.example.JdbcUtils - Exit with(org.sqlite.jdbc4.JDBC4Connection@15fbb274)
2026-03-25 20:15:09.046 [JavaFX Application Thread] TRACE org.sqlite.core.NativeDB - DriverManager [JavaFX Application Thread] [SQLite EXEC] SELECT * FROM Donors WHERE name=?
2026-03-25 20:15:09.047 [JavaFX Application Thread] TRACE org.repository.org.example.DonorJdbcRepository - Exit with(org.domain.org.example.Donor@2)
2026-03-25 20:15:09.047 [JavaFX Application Thread] TRACE org.repository.org.example.DonationJdbcRepository - Enter Saving donation org.domain.org.example.Donation@0
2026-03-25 20:15:09.048 [JavaFX Application Thread] TRACE org.repository.org.example.JdbcUtils - Enter
2026-03-25 20:15:09.048 [JavaFX Application Thread] TRACE org.sqlite.core.NativeDB - DriverManager [JavaFX Application Thread] [SQLite EXEC] pragma busy_timeout=3000
2026-03-25 20:15:09.048 [JavaFX Application Thread] INFO  org.repository.org.example.JdbcUtils - Connection opened to: jdbc:sqlite:teledon.db
2026-03-25 20:15:09.048 [JavaFX Application Thread] TRACE org.repository.org.example.JdbcUtils - Exit with(org.sqlite.jdbc4.JDBC4Connection@60f6b78)
2026-03-25 20:15:09.049 [JavaFX Application Thread] TRACE org.sqlite.core.NativeDB - DriverManager [JavaFX Application Thread] [SQLite EXEC] INSERT INTO Donations (donorId, caseId, amount) VALUES (?,?,?)
2026-03-25 20:15:09.054 [JavaFX Application Thread] TRACE org.sqlite.core.NativeDB - DriverManager [JavaFX Application Thread] [SQLite EXEC] begin;
2026-03-25 20:15:09.055 [JavaFX Application Thread] TRACE org.sqlite.core.NativeDB - DriverManager [JavaFX Application Thread] [SQLite EXEC] commit;
2026-03-25 20:15:09.056 [JavaFX Application Thread] TRACE org.sqlite.core.NativeDB - DriverManager [JavaFX Application Thread] [SQLite EXEC] SELECT last_insert_rowid();
2026-03-25 20:15:09.056 [JavaFX Application Thread] TRACE org.repository.org.example.DonationJdbcRepository - Exit
2026-03-25 20:15:09.056 [JavaFX Application Thread] TRACE org.repository.org.example.CharityCaseJdbcRepository - Enter Updating amount for case 2
2026-03-25 20:15:09.056 [JavaFX Application Thread] TRACE org.repository.org.example.JdbcUtils - Enter
2026-03-25 20:15:09.062 [JavaFX Application Thread] TRACE org.sqlite.core.NativeDB - DriverManager [JavaFX Application Thread] [SQLite EXEC] pragma busy_timeout=3000
2026-03-25 20:15:09.062 [JavaFX Application Thread] INFO  org.repository.org.example.JdbcUtils - Connection opened to: jdbc:sqlite:teledon.db
2026-03-25 20:15:09.062 [JavaFX Application Thread] TRACE org.repository.org.example.JdbcUtils - Exit with(org.sqlite.jdbc4.JDBC4Connection@362a80fe)
2026-03-25 20:15:09.062 [JavaFX Application Thread] TRACE org.sqlite.core.NativeDB - DriverManager [JavaFX Application Thread] [SQLite EXEC] UPDATE CharityCases SET totalAmount = totalAmount + ? WHERE id = ?
2026-03-25 20:15:09.067 [JavaFX Application Thread] TRACE org.sqlite.core.NativeDB - DriverManager [JavaFX Application Thread] [SQLite EXEC] begin;
2026-03-25 20:15:09.068 [JavaFX Application Thread] TRACE org.sqlite.core.NativeDB - DriverManager [JavaFX Application Thread] [SQLite EXEC] commit;
2026-03-25 20:15:09.068 [JavaFX Application Thread] TRACE org.repository.org.example.CharityCaseJdbcRepository - Exit
2026-03-25 20:15:09.068 [JavaFX Application Thread] TRACE org.repository.org.example.CharityCaseJdbcRepository - Enter
2026-03-25 20:15:09.068 [JavaFX Application Thread] TRACE org.repository.org.example.JdbcUtils - Enter
2026-03-25 20:15:09.069 [JavaFX Application Thread] TRACE org.sqlite.core.NativeDB - DriverManager [JavaFX Application Thread] [SQLite EXEC] pragma busy_timeout=3000
2026-03-25 20:15:09.070 [JavaFX Application Thread] INFO  org.repository.org.example.JdbcUtils - Connection opened to: jdbc:sqlite:teledon.db
2026-03-25 20:15:09.070 [JavaFX Application Thread] TRACE org.repository.org.example.JdbcUtils - Exit with(org.sqlite.jdbc4.JDBC4Connection@3c76fdc2)
2026-03-25 20:15:09.070 [JavaFX Application Thread] TRACE org.sqlite.core.NativeDB - DriverManager [JavaFX Application Thread] [SQLite EXEC] SELECT * FROM CharityCases
2026-03-25 20:15:09.070 [JavaFX Application Thread] TRACE org.repository.org.example.CharityCaseJdbcRepository - Exit with([org.domain.org.example.CharityCase@1, org.domain.org.example.CharityCase@2, org.domain.org.example.CharityCase@3])
2026-03-25 20:16:51.629 [JavaFX Application Thread] TRACE org.repository.org.example.CharityCaseJdbcRepository - Enter
2026-03-25 20:16:51.632 [JavaFX Application Thread] TRACE org.repository.org.example.JdbcUtils - Enter
2026-03-25 20:16:51.876 [JavaFX Application Thread] TRACE org.sqlite.core.NativeDB - DriverManager [JavaFX Application Thread] [SQLite EXEC] pragma busy_timeout=3000
2026-03-25 20:16:51.882 [JavaFX Application Thread] INFO  org.repository.org.example.JdbcUtils - Connection opened to: jdbc:sqlite:teledon.db
2026-03-25 20:16:51.882 [JavaFX Application Thread] TRACE org.repository.org.example.JdbcUtils - Exit with(org.sqlite.jdbc4.JDBC4Connection@12cee2f)
2026-03-25 20:16:51.886 [JavaFX Application Thread] TRACE org.sqlite.core.NativeDB - DriverManager [JavaFX Application Thread] [SQLite EXEC] SELECT * FROM CharityCases
2026-03-25 20:16:51.898 [JavaFX Application Thread] TRACE org.repository.org.example.CharityCaseJdbcRepository - Exit with([org.domain.org.example.CharityCase@1, org.domain.org.example.CharityCase@2, org.domain.org.example.CharityCase@3])
2026-03-25 20:17:47.443 [JavaFX Application Thread] TRACE org.repository.org.example.VolunteerJdbcRepository - Enter Login attempt: vlad
2026-03-25 20:17:47.447 [JavaFX Application Thread] TRACE org.repository.org.example.JdbcUtils - Enter
2026-03-25 20:17:47.654 [JavaFX Application Thread] TRACE org.sqlite.core.NativeDB - DriverManager [JavaFX Application Thread] [SQLite EXEC] pragma busy_timeout=3000
2026-03-25 20:17:47.656 [JavaFX Application Thread] INFO  org.repository.org.example.JdbcUtils - Connection opened to: jdbc:sqlite:teledon.db
2026-03-25 20:17:47.656 [JavaFX Application Thread] TRACE org.repository.org.example.JdbcUtils - Exit with(org.sqlite.jdbc4.JDBC4Connection@c626b9f)
2026-03-25 20:17:47.661 [JavaFX Application Thread] TRACE org.sqlite.core.NativeDB - DriverManager [JavaFX Application Thread] [SQLite EXEC] SELECT * FROM Volunteers WHERE username=? AND password=?
2026-03-25 20:17:47.664 [JavaFX Application Thread] TRACE org.repository.org.example.VolunteerJdbcRepository - Exit with(org.domain.org.example.Volunteer@1)
2026-03-25 20:17:47.713 [JavaFX Application Thread] TRACE org.repository.org.example.CharityCaseJdbcRepository - Enter
2026-03-25 20:17:47.713 [JavaFX Application Thread] TRACE org.repository.org.example.JdbcUtils - Enter
2026-03-25 20:17:47.714 [JavaFX Application Thread] TRACE org.sqlite.core.NativeDB - DriverManager [JavaFX Application Thread] [SQLite EXEC] pragma busy_timeout=3000
2026-03-25 20:17:47.714 [JavaFX Application Thread] INFO  org.repository.org.example.JdbcUtils - Connection opened to: jdbc:sqlite:teledon.db
2026-03-25 20:17:47.714 [JavaFX Application Thread] TRACE org.repository.org.example.JdbcUtils - Exit with(org.sqlite.jdbc4.JDBC4Connection@2ac65072)
2026-03-25 20:17:47.714 [JavaFX Application Thread] TRACE org.sqlite.core.NativeDB - DriverManager [JavaFX Application Thread] [SQLite EXEC] SELECT * FROM CharityCases
2026-03-25 20:17:47.717 [JavaFX Application Thread] TRACE org.repository.org.example.CharityCaseJdbcRepository - Exit with([org.domain.org.example.CharityCase@1, org.domain.org.example.CharityCase@2, org.domain.org.example.CharityCase@3])
2026-03-26 12:51:50.579 [JavaFX Application Thread] TRACE org.repository.org.example.VolunteerJdbcRepository - Enter Login attempt: vlad
2026-03-26 12:51:50.588 [JavaFX Application Thread] TRACE org.repository.org.example.JdbcUtils - Enter
2026-03-26 12:51:51.071 [JavaFX Application Thread] TRACE org.sqlite.core.NativeDB - DriverManager [JavaFX Application Thread] [SQLite EXEC] pragma busy_timeout=3000
2026-03-26 12:51:51.079 [JavaFX Application Thread] INFO  org.repository.org.example.JdbcUtils - Connection opened to: jdbc:sqlite:teledon.db
2026-03-26 12:51:51.081 [JavaFX Application Thread] TRACE org.repository.org.example.JdbcUtils - Exit with(org.sqlite.jdbc4.JDBC4Connection@6d1af3d)
2026-03-26 12:51:51.098 [JavaFX Application Thread] TRACE org.sqlite.core.NativeDB - DriverManager [JavaFX Application Thread] [SQLite EXEC] SELECT * FROM Volunteers WHERE username=? AND password=?
2026-03-26 12:51:51.104 [JavaFX Application Thread] TRACE org.sqlite.core.NativeDB - DriverManager [JavaFX Application Thread] [SQLite EXEC] begin;
2026-03-26 12:51:51.105 [JavaFX Application Thread] TRACE org.sqlite.core.NativeDB - DriverManager [JavaFX Application Thread] [SQLite EXEC] commit;
2026-03-26 12:51:51.107 [JavaFX Application Thread] TRACE org.repository.org.example.VolunteerJdbcRepository - Exit
2026-03-26 12:51:59.135 [JavaFX Application Thread] TRACE org.repository.org.example.VolunteerJdbcRepository - Enter Login attempt: vlad
2026-03-26 12:51:59.135 [JavaFX Application Thread] TRACE org.repository.org.example.JdbcUtils - Enter
2026-03-26 12:51:59.136 [JavaFX Application Thread] TRACE org.sqlite.core.NativeDB - DriverManager [JavaFX Application Thread] [SQLite EXEC] pragma busy_timeout=3000
2026-03-26 12:51:59.137 [JavaFX Application Thread] INFO  org.repository.org.example.JdbcUtils - Connection opened to: jdbc:sqlite:teledon.db
2026-03-26 12:51:59.137 [JavaFX Application Thread] TRACE org.repository.org.example.JdbcUtils - Exit with(org.sqlite.jdbc4.JDBC4Connection@1dcd3b40)
2026-03-26 12:51:59.137 [JavaFX Application Thread] TRACE org.sqlite.core.NativeDB - DriverManager [JavaFX Application Thread] [SQLite EXEC] SELECT * FROM Volunteers WHERE username=? AND password=?
2026-03-26 12:51:59.142 [JavaFX Application Thread] TRACE org.repository.org.example.VolunteerJdbcRepository - Exit with(org.domain.org.example.Volunteer@1)
2026-03-26 12:51:59.228 [JavaFX Application Thread] TRACE org.repository.org.example.CharityCaseJdbcRepository - Enter
2026-03-26 12:51:59.228 [JavaFX Application Thread] TRACE org.repository.org.example.JdbcUtils - Enter
2026-03-26 12:51:59.230 [JavaFX Application Thread] TRACE org.sqlite.core.NativeDB - DriverManager [JavaFX Application Thread] [SQLite EXEC] pragma busy_timeout=3000
2026-03-26 12:51:59.230 [JavaFX Application Thread] INFO  org.repository.org.example.JdbcUtils - Connection opened to: jdbc:sqlite:teledon.db
2026-03-26 12:51:59.231 [JavaFX Application Thread] TRACE org.repository.org.example.JdbcUtils - Exit with(org.sqlite.jdbc4.JDBC4Connection@6a2d0689)
2026-03-26 12:51:59.231 [JavaFX Application Thread] TRACE org.sqlite.core.NativeDB - DriverManager [JavaFX Application Thread] [SQLite EXEC] SELECT * FROM CharityCases
2026-03-26 12:51:59.237 [JavaFX Application Thread] TRACE org.repository.org.example.CharityCaseJdbcRepository - Exit with([org.domain.org.example.CharityCase@1, org.domain.org.example.CharityCase@2, org.domain.org.example.CharityCase@3])
2026-03-26 12:52:17.114 [JavaFX Application Thread] TRACE org.repository.org.example.DonorJdbcRepository - Enter Finding donor: as
2026-03-26 12:52:17.115 [JavaFX Application Thread] TRACE org.repository.org.example.JdbcUtils - Enter
2026-03-26 12:52:17.117 [JavaFX Application Thread] TRACE org.sqlite.core.NativeDB - DriverManager [JavaFX Application Thread] [SQLite EXEC] pragma busy_timeout=3000
2026-03-26 12:52:17.118 [JavaFX Application Thread] INFO  org.repository.org.example.JdbcUtils - Connection opened to: jdbc:sqlite:teledon.db
2026-03-26 12:52:17.118 [JavaFX Application Thread] TRACE org.repository.org.example.JdbcUtils - Exit with(org.sqlite.jdbc4.JDBC4Connection@13984d87)
2026-03-26 12:52:17.119 [JavaFX Application Thread] TRACE org.sqlite.core.NativeDB - DriverManager [JavaFX Application Thread] [SQLite EXEC] SELECT * FROM Donors WHERE name=?
2026-03-26 12:52:17.119 [JavaFX Application Thread] TRACE org.sqlite.core.NativeDB - DriverManager [JavaFX Application Thread] [SQLite EXEC] begin;
2026-03-26 12:52:17.120 [JavaFX Application Thread] TRACE org.sqlite.core.NativeDB - DriverManager [JavaFX Application Thread] [SQLite EXEC] commit;
2026-03-26 12:52:17.120 [JavaFX Application Thread] TRACE org.repository.org.example.DonorJdbcRepository - Exit
2026-03-26 12:52:17.121 [JavaFX Application Thread] TRACE org.repository.org.example.DonorJdbcRepository - Enter Saving donor org.domain.org.example.Donor@0
2026-03-26 12:52:17.121 [JavaFX Application Thread] TRACE org.repository.org.example.JdbcUtils - Enter
2026-03-26 12:52:17.122 [JavaFX Application Thread] TRACE org.sqlite.core.NativeDB - DriverManager [JavaFX Application Thread] [SQLite EXEC] pragma busy_timeout=3000
2026-03-26 12:52:17.123 [JavaFX Application Thread] INFO  org.repository.org.example.JdbcUtils - Connection opened to: jdbc:sqlite:teledon.db
2026-03-26 12:52:17.123 [JavaFX Application Thread] TRACE org.repository.org.example.JdbcUtils - Exit with(org.sqlite.jdbc4.JDBC4Connection@237a8b0e)
2026-03-26 12:52:17.123 [JavaFX Application Thread] TRACE org.sqlite.core.NativeDB - DriverManager [JavaFX Application Thread] [SQLite EXEC] INSERT INTO Donors (name, address, phoneNumber) VALUES (?,?,?)
2026-03-26 12:52:17.134 [JavaFX Application Thread] TRACE org.sqlite.core.NativeDB - DriverManager [JavaFX Application Thread] [SQLite EXEC] begin;
2026-03-26 12:52:17.135 [JavaFX Application Thread] TRACE org.sqlite.core.NativeDB - DriverManager [JavaFX Application Thread] [SQLite EXEC] commit;
2026-03-26 12:52:17.136 [JavaFX Application Thread] TRACE org.sqlite.core.NativeDB - DriverManager [JavaFX Application Thread] [SQLite EXEC] SELECT last_insert_rowid();
2026-03-26 12:52:17.136 [JavaFX Application Thread] TRACE org.repository.org.example.DonorJdbcRepository - Exit
2026-03-26 12:52:17.136 [JavaFX Application Thread] TRACE org.repository.org.example.DonorJdbcRepository - Enter Finding donor: as
2026-03-26 12:52:17.137 [JavaFX Application Thread] TRACE org.repository.org.example.JdbcUtils - Enter
2026-03-26 12:52:17.139 [JavaFX Application Thread] TRACE org.sqlite.core.NativeDB - DriverManager [JavaFX Application Thread] [SQLite EXEC] pragma busy_timeout=3000
2026-03-26 12:52:17.139 [JavaFX Application Thread] INFO  org.repository.org.example.JdbcUtils - Connection opened to: jdbc:sqlite:teledon.db
2026-03-26 12:52:17.139 [JavaFX Application Thread] TRACE org.repository.org.example.JdbcUtils - Exit with(org.sqlite.jdbc4.JDBC4Connection@562759ec)
2026-03-26 12:52:17.140 [JavaFX Application Thread] TRACE org.sqlite.core.NativeDB - DriverManager [JavaFX Application Thread] [SQLite EXEC] SELECT * FROM Donors WHERE name=?
2026-03-26 12:52:17.141 [JavaFX Application Thread] TRACE org.repository.org.example.DonorJdbcRepository - Exit with(org.domain.org.example.Donor@5)
2026-03-26 12:52:17.143 [JavaFX Application Thread] TRACE org.repository.org.example.DonationJdbcRepository - Enter Saving donation org.domain.org.example.Donation@0
2026-03-26 12:52:17.143 [JavaFX Application Thread] TRACE org.repository.org.example.JdbcUtils - Enter
2026-03-26 12:52:17.145 [JavaFX Application Thread] TRACE org.sqlite.core.NativeDB - DriverManager [JavaFX Application Thread] [SQLite EXEC] pragma busy_timeout=3000
2026-03-26 12:52:17.145 [JavaFX Application Thread] INFO  org.repository.org.example.JdbcUtils - Connection opened to: jdbc:sqlite:teledon.db
2026-03-26 12:52:17.145 [JavaFX Application Thread] TRACE org.repository.org.example.JdbcUtils - Exit with(org.sqlite.jdbc4.JDBC4Connection@694163de)
2026-03-26 12:52:17.146 [JavaFX Application Thread] TRACE org.sqlite.core.NativeDB - DriverManager [JavaFX Application Thread] [SQLite EXEC] INSERT INTO Donations (donorId, caseId, amount) VALUES (?,?,?)
2026-03-26 12:52:17.154 [JavaFX Application Thread] TRACE org.sqlite.core.NativeDB - DriverManager [JavaFX Application Thread] [SQLite EXEC] begin;
2026-03-26 12:52:17.155 [JavaFX Application Thread] TRACE org.sqlite.core.NativeDB - DriverManager [JavaFX Application Thread] [SQLite EXEC] commit;
2026-03-26 12:52:17.155 [JavaFX Application Thread] TRACE org.sqlite.core.NativeDB - DriverManager [JavaFX Application Thread] [SQLite EXEC] SELECT last_insert_rowid();
2026-03-26 12:52:17.155 [JavaFX Application Thread] TRACE org.repository.org.example.DonationJdbcRepository - Exit
2026-03-26 12:52:17.156 [JavaFX Application Thread] TRACE org.repository.org.example.CharityCaseJdbcRepository - Enter Updating amount for case 3
2026-03-26 12:52:17.156 [JavaFX Application Thread] TRACE org.repository.org.example.JdbcUtils - Enter
2026-03-26 12:52:17.158 [JavaFX Application Thread] TRACE org.sqlite.core.NativeDB - DriverManager [JavaFX Application Thread] [SQLite EXEC] pragma busy_timeout=3000
2026-03-26 12:52:17.159 [JavaFX Application Thread] INFO  org.repository.org.example.JdbcUtils - Connection opened to: jdbc:sqlite:teledon.db
2026-03-26 12:52:17.159 [JavaFX Application Thread] TRACE org.repository.org.example.JdbcUtils - Exit with(org.sqlite.jdbc4.JDBC4Connection@545bf23)
2026-03-26 12:52:17.160 [JavaFX Application Thread] TRACE org.sqlite.core.NativeDB - DriverManager [JavaFX Application Thread] [SQLite EXEC] UPDATE CharityCases SET totalAmount = totalAmount + ? WHERE id = ?
2026-03-26 12:52:17.168 [JavaFX Application Thread] TRACE org.sqlite.core.NativeDB - DriverManager [JavaFX Application Thread] [SQLite EXEC] begin;
2026-03-26 12:52:17.169 [JavaFX Application Thread] TRACE org.sqlite.core.NativeDB - DriverManager [JavaFX Application Thread] [SQLite EXEC] commit;
2026-03-26 12:52:17.169 [JavaFX Application Thread] TRACE org.repository.org.example.CharityCaseJdbcRepository - Exit
2026-03-26 12:52:17.169 [JavaFX Application Thread] TRACE org.repository.org.example.CharityCaseJdbcRepository - Enter
2026-03-26 12:52:17.169 [JavaFX Application Thread] TRACE org.repository.org.example.JdbcUtils - Enter
2026-03-26 12:52:17.171 [JavaFX Application Thread] TRACE org.sqlite.core.NativeDB - DriverManager [JavaFX Application Thread] [SQLite EXEC] pragma busy_timeout=3000
2026-03-26 12:52:17.171 [JavaFX Application Thread] INFO  org.repository.org.example.JdbcUtils - Connection opened to: jdbc:sqlite:teledon.db
2026-03-26 12:52:17.171 [JavaFX Application Thread] TRACE org.repository.org.example.JdbcUtils - Exit with(org.sqlite.jdbc4.JDBC4Connection@74973f48)
2026-03-26 12:52:17.172 [JavaFX Application Thread] TRACE org.sqlite.core.NativeDB - DriverManager [JavaFX Application Thread] [SQLite EXEC] SELECT * FROM CharityCases
2026-03-26 12:52:17.173 [JavaFX Application Thread] TRACE org.repository.org.example.CharityCaseJdbcRepository - Exit with([org.domain.org.example.CharityCase@1, org.domain.org.example.CharityCase@2, org.domain.org.example.CharityCase@3])
2026-03-26 12:52:22.494 [JavaFX Application Thread] TRACE org.repository.org.example.DonorJdbcRepository - Enter Finding donors like a
2026-03-26 12:52:22.494 [JavaFX Application Thread] TRACE org.repository.org.example.JdbcUtils - Enter
2026-03-26 12:52:22.495 [JavaFX Application Thread] TRACE org.sqlite.core.NativeDB - DriverManager [JavaFX Application Thread] [SQLite EXEC] pragma busy_timeout=3000
2026-03-26 12:52:22.496 [JavaFX Application Thread] INFO  org.repository.org.example.JdbcUtils - Connection opened to: jdbc:sqlite:teledon.db
2026-03-26 12:52:22.496 [JavaFX Application Thread] TRACE org.repository.org.example.JdbcUtils - Exit with(org.sqlite.jdbc4.JDBC4Connection@181dd177)
2026-03-26 12:52:22.496 [JavaFX Application Thread] TRACE org.sqlite.core.NativeDB - DriverManager [JavaFX Application Thread] [SQLite EXEC] SELECT * FROM Donors WHERE name LIKE ?
2026-03-26 12:52:22.497 [JavaFX Application Thread] TRACE org.repository.org.example.DonorJdbcRepository - Exit with([org.domain.org.example.Donor@1, org.domain.org.example.Donor@2, org.domain.org.example.Donor@4, org.domain.org.example.Donor@5])
2026-03-26 13:11:54.875 [JavaFX Application Thread] TRACE org.repository.org.example.VolunteerJdbcRepository - Enter Login attempt: vlad
2026-03-26 13:11:54.880 [JavaFX Application Thread] TRACE org.repository.org.example.JdbcUtils - Enter
2026-03-26 13:11:55.294 [JavaFX Application Thread] TRACE org.sqlite.core.NativeDB - DriverManager [JavaFX Application Thread] [SQLite EXEC] pragma busy_timeout=3000
2026-03-26 13:11:55.299 [JavaFX Application Thread] INFO  org.repository.org.example.JdbcUtils - Connection opened to: jdbc:sqlite:teledon.db
2026-03-26 13:11:55.300 [JavaFX Application Thread] TRACE org.repository.org.example.JdbcUtils - Exit with(org.sqlite.jdbc4.JDBC4Connection@5aab79ea)
2026-03-26 13:11:55.303 [JavaFX Application Thread] TRACE org.sqlite.core.NativeDB - DriverManager [JavaFX Application Thread] [SQLite EXEC] SELECT * FROM Volunteers WHERE username=? AND password=?
2026-03-26 13:11:55.311 [JavaFX Application Thread] TRACE org.sqlite.core.NativeDB - DriverManager [JavaFX Application Thread] [SQLite EXEC] begin;
2026-03-26 13:11:55.311 [JavaFX Application Thread] TRACE org.sqlite.core.NativeDB - DriverManager [JavaFX Application Thread] [SQLite EXEC] commit;
2026-03-26 13:11:55.315 [JavaFX Application Thread] TRACE org.repository.org.example.VolunteerJdbcRepository - Exit
2026-03-26 13:13:28.983 [JavaFX Application Thread] TRACE org.repository.org.example.VolunteerJdbcRepository - Enter Login attempt: vlad
2026-03-26 13:13:28.988 [JavaFX Application Thread] TRACE org.repository.org.example.JdbcUtils - Enter
2026-03-26 13:13:29.493 [JavaFX Application Thread] TRACE org.sqlite.core.NativeDB - DriverManager [JavaFX Application Thread] [SQLite EXEC] pragma busy_timeout=3000
2026-03-26 13:13:29.498 [JavaFX Application Thread] INFO  org.repository.org.example.JdbcUtils - Connection opened to: jdbc:sqlite:teledon.db
2026-03-26 13:13:29.499 [JavaFX Application Thread] TRACE org.repository.org.example.JdbcUtils - Exit with(org.sqlite.jdbc4.JDBC4Connection@5aab79ea)
2026-03-26 13:13:29.515 [JavaFX Application Thread] TRACE org.sqlite.core.NativeDB - DriverManager [JavaFX Application Thread] [SQLite EXEC] SELECT * FROM Volunteers WHERE username=? AND password=?
2026-03-26 13:13:29.520 [JavaFX Application Thread] TRACE org.sqlite.core.NativeDB - DriverManager [JavaFX Application Thread] [SQLite EXEC] begin;
2026-03-26 13:13:29.521 [JavaFX Application Thread] TRACE org.sqlite.core.NativeDB - DriverManager [JavaFX Application Thread] [SQLite EXEC] commit;
2026-03-26 13:13:29.523 [JavaFX Application Thread] TRACE org.repository.org.example.VolunteerJdbcRepository - Exit
2026-03-26 13:13:41.397 [JavaFX Application Thread] TRACE org.repository.org.example.VolunteerJdbcRepository - Enter Login attempt: vlad
2026-03-26 13:13:41.397 [JavaFX Application Thread] TRACE org.repository.org.example.JdbcUtils - Enter
2026-03-26 13:13:41.398 [JavaFX Application Thread] TRACE org.sqlite.core.NativeDB - DriverManager [JavaFX Application Thread] [SQLite EXEC] pragma busy_timeout=3000
2026-03-26 13:13:41.399 [JavaFX Application Thread] INFO  org.repository.org.example.JdbcUtils - Connection opened to: jdbc:sqlite:teledon.db
2026-03-26 13:13:41.399 [JavaFX Application Thread] TRACE org.repository.org.example.JdbcUtils - Exit with(org.sqlite.jdbc4.JDBC4Connection@207005b7)
2026-03-26 13:13:41.399 [JavaFX Application Thread] TRACE org.sqlite.core.NativeDB - DriverManager [JavaFX Application Thread] [SQLite EXEC] SELECT * FROM Volunteers WHERE username=? AND password=?
2026-03-26 13:13:41.400 [JavaFX Application Thread] TRACE org.sqlite.core.NativeDB - DriverManager [JavaFX Application Thread] [SQLite EXEC] begin;
2026-03-26 13:13:41.400 [JavaFX Application Thread] TRACE org.sqlite.core.NativeDB - DriverManager [JavaFX Application Thread] [SQLite EXEC] commit;
2026-03-26 13:13:41.401 [JavaFX Application Thread] TRACE org.repository.org.example.VolunteerJdbcRepository - Exit
2026-03-26 13:15:35.938 [JavaFX Application Thread] TRACE org.repository.org.example.VolunteerJdbcRepository - Enter Login attempt: vlad
2026-03-26 13:15:35.939 [JavaFX Application Thread] TRACE org.repository.org.example.JdbcUtils - Enter
2026-03-26 13:15:35.940 [JavaFX Application Thread] TRACE org.sqlite.core.NativeDB - DriverManager [JavaFX Application Thread] [SQLite EXEC] pragma busy_timeout=3000
2026-03-26 13:15:35.941 [JavaFX Application Thread] INFO  org.repository.org.example.JdbcUtils - Connection opened to: jdbc:sqlite:teledon.db
2026-03-26 13:15:35.941 [JavaFX Application Thread] TRACE org.repository.org.example.JdbcUtils - Exit with(org.sqlite.jdbc4.JDBC4Connection@740d5721)
2026-03-26 13:15:35.942 [JavaFX Application Thread] TRACE org.sqlite.core.NativeDB - DriverManager [JavaFX Application Thread] [SQLite EXEC] SELECT * FROM Volunteers WHERE username=? AND password=?
2026-03-26 13:15:35.943 [JavaFX Application Thread] TRACE org.sqlite.core.NativeDB - DriverManager [JavaFX Application Thread] [SQLite EXEC] begin;
2026-03-26 13:15:35.943 [JavaFX Application Thread] TRACE org.sqlite.core.NativeDB - DriverManager [JavaFX Application Thread] [SQLite EXEC] commit;
2026-03-26 13:15:35.943 [JavaFX Application Thread] TRACE org.repository.org.example.VolunteerJdbcRepository - Exit
2026-03-26 13:17:12.524 [JavaFX Application Thread] TRACE org.repository.org.example.VolunteerJdbcRepository - Enter Login attempt: vlad
2026-03-26 13:17:12.532 [JavaFX Application Thread] TRACE org.repository.org.example.JdbcUtils - Enter
2026-03-26 13:17:13.086 [JavaFX Application Thread] TRACE org.sqlite.core.NativeDB - DriverManager [JavaFX Application Thread] [SQLite EXEC] pragma busy_timeout=3000
2026-03-26 13:17:13.092 [JavaFX Application Thread] INFO  org.repository.org.example.JdbcUtils - Connection opened to: jdbc:sqlite:teledon.db
2026-03-26 13:17:13.094 [JavaFX Application Thread] TRACE org.repository.org.example.JdbcUtils - Exit with(org.sqlite.jdbc4.JDBC4Connection@4d1f123a)
2026-03-26 13:17:13.097 [JavaFX Application Thread] TRACE org.sqlite.core.NativeDB - DriverManager [JavaFX Application Thread] [SQLite EXEC] SELECT * FROM Volunteers WHERE username=? AND password=?
2026-03-26 13:17:13.105 [JavaFX Application Thread] TRACE org.sqlite.core.NativeDB - DriverManager [JavaFX Application Thread] [SQLite EXEC] begin;
2026-03-26 13:17:13.105 [JavaFX Application Thread] TRACE org.sqlite.core.NativeDB - DriverManager [JavaFX Application Thread] [SQLite EXEC] commit;
2026-03-26 13:17:13.109 [JavaFX Application Thread] TRACE org.repository.org.example.VolunteerJdbcRepository - Exit
2026-03-26 13:17:58.903 [JavaFX Application Thread] TRACE org.repository.org.example.VolunteerJdbcRepository - Enter Login attempt: vlad
2026-03-26 13:17:58.908 [JavaFX Application Thread] TRACE org.repository.org.example.JdbcUtils - Enter
2026-03-26 13:17:59.343 [JavaFX Application Thread] TRACE org.sqlite.core.NativeDB - DriverManager [JavaFX Application Thread] [SQLite EXEC] pragma busy_timeout=3000
2026-03-26 13:17:59.347 [JavaFX Application Thread] INFO  org.repository.org.example.JdbcUtils - Connection opened to: jdbc:sqlite:teledon.db
2026-03-26 13:17:59.349 [JavaFX Application Thread] TRACE org.repository.org.example.JdbcUtils - Exit with(org.sqlite.jdbc4.JDBC4Connection@5aab79ea)
2026-03-26 13:17:59.353 [JavaFX Application Thread] TRACE org.sqlite.core.NativeDB - DriverManager [JavaFX Application Thread] [SQLite EXEC] SELECT * FROM Volunteers WHERE username=? AND password=?
2026-03-26 13:17:59.358 [JavaFX Application Thread] TRACE org.sqlite.core.NativeDB - DriverManager [JavaFX Application Thread] [SQLite EXEC] begin;
2026-03-26 13:17:59.358 [JavaFX Application Thread] TRACE org.sqlite.core.NativeDB - DriverManager [JavaFX Application Thread] [SQLite EXEC] commit;
2026-03-26 13:17:59.362 [JavaFX Application Thread] TRACE org.repository.org.example.VolunteerJdbcRepository - Exit
2026-03-26 13:19:06.833 [JavaFX Application Thread] TRACE org.repository.org.example.VolunteerJdbcRepository - Enter Login attempt: vlad
2026-03-26 13:19:06.845 [JavaFX Application Thread] TRACE org.repository.org.example.JdbcUtils - Enter
2026-03-26 13:19:07.234 [JavaFX Application Thread] TRACE org.sqlite.core.NativeDB - DriverManager [JavaFX Application Thread] [SQLite EXEC] pragma busy_timeout=3000
2026-03-26 13:19:07.236 [JavaFX Application Thread] INFO  org.repository.org.example.JdbcUtils - Connection opened to: jdbc:sqlite:teledon.db
2026-03-26 13:19:07.237 [JavaFX Application Thread] TRACE org.repository.org.example.JdbcUtils - Exit with(org.sqlite.jdbc4.JDBC4Connection@5aab79ea)
2026-03-26 13:19:07.241 [JavaFX Application Thread] TRACE org.sqlite.core.NativeDB - DriverManager [JavaFX Application Thread] [SQLite EXEC] SELECT * FROM Volunteers WHERE username=? AND password=?
2026-03-26 13:19:07.246 [JavaFX Application Thread] TRACE org.sqlite.core.NativeDB - DriverManager [JavaFX Application Thread] [SQLite EXEC] begin;
2026-03-26 13:19:07.247 [JavaFX Application Thread] TRACE org.sqlite.core.NativeDB - DriverManager [JavaFX Application Thread] [SQLite EXEC] commit;
2026-03-26 13:19:07.249 [JavaFX Application Thread] TRACE org.repository.org.example.VolunteerJdbcRepository - Exit
2026-03-26 13:19:34.952 [JavaFX Application Thread] TRACE org.repository.org.example.VolunteerJdbcRepository - Enter Login attempt: vlad
2026-03-26 13:19:34.959 [JavaFX Application Thread] TRACE org.repository.org.example.JdbcUtils - Enter
2026-03-26 13:19:35.647 [JavaFX Application Thread] TRACE org.sqlite.core.NativeDB - DriverManager [JavaFX Application Thread] [SQLite EXEC] pragma busy_timeout=3000
2026-03-26 13:19:35.653 [JavaFX Application Thread] INFO  org.repository.org.example.JdbcUtils - Connection opened to: jdbc:sqlite:teledon.db
2026-03-26 13:19:35.655 [JavaFX Application Thread] TRACE org.repository.org.example.JdbcUtils - Exit with(org.sqlite.jdbc4.JDBC4Connection@591d53a8)
2026-03-26 13:19:35.660 [JavaFX Application Thread] TRACE org.sqlite.core.NativeDB - DriverManager [JavaFX Application Thread] [SQLite EXEC] SELECT * FROM Volunteers WHERE username=? AND password=?
2026-03-26 13:19:35.664 [JavaFX Application Thread] TRACE org.sqlite.core.NativeDB - DriverManager [JavaFX Application Thread] [SQLite EXEC] begin;
2026-03-26 13:19:35.665 [JavaFX Application Thread] TRACE org.sqlite.core.NativeDB - DriverManager [JavaFX Application Thread] [SQLite EXEC] commit;
2026-03-26 13:19:35.668 [JavaFX Application Thread] TRACE org.repository.org.example.VolunteerJdbcRepository - Exit
2026-03-26 13:20:16.641 [JavaFX Application Thread] TRACE org.repository.org.example.VolunteerJdbcRepository - Enter Login attempt: vlad
2026-03-26 13:20:16.648 [JavaFX Application Thread] TRACE org.repository.org.example.JdbcUtils - Enter
2026-03-26 13:20:17.130 [JavaFX Application Thread] TRACE org.sqlite.core.NativeDB - DriverManager [JavaFX Application Thread] [SQLite EXEC] pragma busy_timeout=3000
2026-03-26 13:20:17.136 [JavaFX Application Thread] INFO  org.repository.org.example.JdbcUtils - Connection opened to: jdbc:sqlite:teledon.db
2026-03-26 13:20:17.138 [JavaFX Application Thread] TRACE org.repository.org.example.JdbcUtils - Exit with(org.sqlite.jdbc4.JDBC4Connection@5aab79ea)
2026-03-26 13:20:17.141 [JavaFX Application Thread] TRACE org.sqlite.core.NativeDB - DriverManager [JavaFX Application Thread] [SQLite EXEC] SELECT * FROM Volunteers WHERE username=? AND password=?
2026-03-26 13:20:17.153 [JavaFX Application Thread] TRACE org.repository.org.example.VolunteerJdbcRepository - Exit with(org.domain.org.example.Volunteer@1)
2026-03-26 13:20:17.253 [JavaFX Application Thread] TRACE org.repository.org.example.CharityCaseJdbcRepository - Enter
2026-03-26 13:20:17.253 [JavaFX Application Thread] TRACE org.repository.org.example.JdbcUtils - Enter
2026-03-26 13:20:17.255 [JavaFX Application Thread] TRACE org.sqlite.core.NativeDB - DriverManager [JavaFX Application Thread] [SQLite EXEC] pragma busy_timeout=3000
2026-03-26 13:20:17.256 [JavaFX Application Thread] INFO  org.repository.org.example.JdbcUtils - Connection opened to: jdbc:sqlite:teledon.db
2026-03-26 13:20:17.256 [JavaFX Application Thread] TRACE org.repository.org.example.JdbcUtils - Exit with(org.sqlite.jdbc4.JDBC4Connection@71f3e4e8)
2026-03-26 13:20:17.257 [JavaFX Application Thread] TRACE org.sqlite.core.NativeDB - DriverManager [JavaFX Application Thread] [SQLite EXEC] SELECT * FROM CharityCases
2026-03-26 13:20:17.263 [JavaFX Application Thread] TRACE org.repository.org.example.CharityCaseJdbcRepository - Exit with([org.domain.org.example.CharityCase@1, org.domain.org.example.CharityCase@2, org.domain.org.example.CharityCase@3])
2026-03-26 13:20:21.527 [JavaFX Application Thread] TRACE org.repository.org.example.DonorJdbcRepository - Enter Finding donors like a
2026-03-26 13:20:21.527 [JavaFX Application Thread] TRACE org.repository.org.example.JdbcUtils - Enter
2026-03-26 13:20:21.528 [JavaFX Application Thread] TRACE org.sqlite.core.NativeDB - DriverManager [JavaFX Application Thread] [SQLite EXEC] pragma busy_timeout=3000
2026-03-26 13:20:21.529 [JavaFX Application Thread] INFO  org.repository.org.example.JdbcUtils - Connection opened to: jdbc:sqlite:teledon.db
2026-03-26 13:20:21.529 [JavaFX Application Thread] TRACE org.repository.org.example.JdbcUtils - Exit with(org.sqlite.jdbc4.JDBC4Connection@213bb69c)
2026-03-26 13:20:21.529 [JavaFX Application Thread] TRACE org.sqlite.core.NativeDB - DriverManager [JavaFX Application Thread] [SQLite EXEC] SELECT * FROM Donors WHERE name LIKE ?
2026-03-26 13:20:21.532 [JavaFX Application Thread] TRACE org.repository.org.example.DonorJdbcRepository - Exit with([Ion Marinescu (Tel: 0744112233), Maria Enache (Tel: 0722998877), a (Tel: 12), as (Tel: 23123123)])
2026-03-26 13:34:45.296 [JavaFX Application Thread] TRACE org.repository.org.example.VolunteerJdbcRepository - Enter Login attempt: vlad
2026-03-26 13:34:45.301 [JavaFX Application Thread] TRACE org.repository.org.example.JdbcUtils - Enter
2026-03-26 13:34:45.688 [JavaFX Application Thread] TRACE org.sqlite.core.NativeDB - DriverManager [JavaFX Application Thread] [SQLite EXEC] pragma busy_timeout=3000
2026-03-26 13:34:45.691 [JavaFX Application Thread] INFO  org.repository.org.example.JdbcUtils - Connection opened to: jdbc:sqlite:teledon.db
2026-03-26 13:34:45.692 [JavaFX Application Thread] TRACE org.repository.org.example.JdbcUtils - Exit with(org.sqlite.jdbc4.JDBC4Connection@55dbec52)
2026-03-26 13:34:45.694 [JavaFX Application Thread] TRACE org.sqlite.core.NativeDB - DriverManager [JavaFX Application Thread] [SQLite EXEC] SELECT * FROM Volunteers WHERE username=? AND password=?
2026-03-26 13:34:45.705 [JavaFX Application Thread] TRACE org.repository.org.example.VolunteerJdbcRepository - Exit with(org.domain.org.example.Volunteer@1)
2026-03-26 13:34:45.783 [JavaFX Application Thread] TRACE org.repository.org.example.CharityCaseJdbcRepository - Enter
2026-03-26 13:34:45.783 [JavaFX Application Thread] TRACE org.repository.org.example.JdbcUtils - Enter
2026-03-26 13:34:45.784 [JavaFX Application Thread] TRACE org.sqlite.core.NativeDB - DriverManager [JavaFX Application Thread] [SQLite EXEC] pragma busy_timeout=3000
2026-03-26 13:34:45.785 [JavaFX Application Thread] INFO  org.repository.org.example.JdbcUtils - Connection opened to: jdbc:sqlite:teledon.db
2026-03-26 13:34:45.785 [JavaFX Application Thread] TRACE org.repository.org.example.JdbcUtils - Exit with(org.sqlite.jdbc4.JDBC4Connection@5652316)
2026-03-26 13:34:45.786 [JavaFX Application Thread] TRACE org.sqlite.core.NativeDB - DriverManager [JavaFX Application Thread] [SQLite EXEC] SELECT * FROM CharityCases
2026-03-26 13:34:45.791 [JavaFX Application Thread] TRACE org.repository.org.example.CharityCaseJdbcRepository - Exit with([org.domain.org.example.CharityCase@1, org.domain.org.example.CharityCase@2, org.domain.org.example.CharityCase@3])
2026-03-26 13:34:48.137 [JavaFX Application Thread] TRACE org.repository.org.example.DonorJdbcRepository - Enter Finding donors like a
2026-03-26 13:34:48.137 [JavaFX Application Thread] TRACE org.repository.org.example.JdbcUtils - Enter
2026-03-26 13:34:48.138 [JavaFX Application Thread] TRACE org.sqlite.core.NativeDB - DriverManager [JavaFX Application Thread] [SQLite EXEC] pragma busy_timeout=3000
2026-03-26 13:34:48.139 [JavaFX Application Thread] INFO  org.repository.org.example.JdbcUtils - Connection opened to: jdbc:sqlite:teledon.db
2026-03-26 13:34:48.139 [JavaFX Application Thread] TRACE org.repository.org.example.JdbcUtils - Exit with(org.sqlite.jdbc4.JDBC4Connection@7616f1c8)
2026-03-26 13:34:48.140 [JavaFX Application Thread] TRACE org.sqlite.core.NativeDB - DriverManager [JavaFX Application Thread] [SQLite EXEC] SELECT * FROM Donors WHERE name LIKE ?
2026-03-26 13:34:48.142 [JavaFX Application Thread] TRACE org.repository.org.example.DonorJdbcRepository - Exit with([Ion Marinescu (Tel: 0744112233), Maria Enache (Tel: 0722998877), a (Tel: 12), as (Tel: 23123123)])
